<?xml version="1.0" encoding="UTF-8"?>
<!-- Generated by org.testng.reporters.JUnitReportReporter -->
<testsuite hostname="DESKTOP-VT2BQ7B" failures="0" tests="2" name="c_Family.CCC" time="4.075" errors="0" timestamp="2022-06-20T00:22:32 EDT" skipped="0">
  <testcase classname="c_Family.CCC" name="testCCC" time="2.055"/>
  <system-out/>
  <testcase classname="c_Family.CCC" name="testCCC" time="2.020"/>
  <system-out/>
</testsuite> <!-- c_Family.CCC -->
