<?xml version="1.0" encoding="UTF-8"?>
<!-- Generated by org.testng.reporters.JUnitReportReporter -->
<testsuite hostname="DESKTOP-VT2BQ7B" failures="0" tests="2" name="a_Family.A" time="5.224" errors="0" timestamp="2022-06-20T00:22:32 EDT" skipped="0">
  <testcase classname="a_Family.A" name="testA" time="2.554"/>
  <system-out/>
  <testcase classname="a_Family.A" name="testA" time="2.670"/>
  <system-out/>
</testsuite> <!-- a_Family.A -->
