<?xml version="1.0" encoding="UTF-8"?>
<!-- Generated by org.testng.reporters.JUnitReportReporter -->
<testsuite hostname="DESKTOP-VT2BQ7B" failures="0" tests="2" name="a_Family.AAAA" time="4.111" errors="0" timestamp="2022-06-20T00:22:32 EDT" skipped="0">
  <testcase classname="a_Family.AAAA" name="testAAAA" time="2.062"/>
  <system-out/>
  <testcase classname="a_Family.AAAA" name="testAAAA" time="2.049"/>
  <system-out/>
</testsuite> <!-- a_Family.AAAA -->
