<?xml version="1.0" encoding="UTF-8"?>
<!-- Generated by org.testng.reporters.JUnitReportReporter -->
<testsuite hostname="DESKTOP-VT2BQ7B" failures="0" tests="2" name="b_Family.BB" time="4.056" errors="0" timestamp="2022-06-20T00:22:32 EDT" skipped="0">
  <testcase classname="b_Family.BB" name="testBB" time="2.036"/>
  <system-out/>
  <testcase classname="b_Family.BB" name="testBB" time="2.020"/>
  <system-out/>
</testsuite> <!-- b_Family.BB -->
