<?xml version="1.0" encoding="UTF-8"?>
<!-- Generated by org.testng.reporters.JUnitReportReporter -->
<testsuite hostname="DESKTOP-VT2BQ7B" failures="0" tests="2" name="c_Family.C" time="4.097" errors="0" timestamp="2022-06-20T00:22:32 EDT" skipped="0">
  <testcase classname="c_Family.C" name="testC" time="2.032"/>
  <system-out/>
  <testcase classname="c_Family.C" name="testC" time="2.065"/>
  <system-out/>
</testsuite> <!-- c_Family.C -->
